Determining if the pthread_create exist failed with the following output:
Change Dir: /home/lion/face/Face-detection-Raspberry-Pi-32-64-bits/MNN/build/CMakeFiles/CMakeTmp

Run Build Command:"/usr/bin/make" "cmTC_2a247/fast"
make[1]: Entering directory '/home/lion/face/Face-detection-Raspberry-Pi-32-64-bits/MNN/build/CMakeFiles/CMakeTmp'
/usr/bin/make -f CMakeFiles/cmTC_2a247.dir/build.make CMakeFiles/cmTC_2a247.dir/build
make[2]: Entering directory '/home/lion/face/Face-detection-Raspberry-Pi-32-64-bits/MNN/build/CMakeFiles/CMakeTmp'
Building C object CMakeFiles/cmTC_2a247.dir/CheckSymbolExists.c.o
/usr/bin/cc   -fPIC    -o CMakeFiles/cmTC_2a247.dir/CheckSymbolExists.c.o   -c /home/lion/face/Face-detection-Raspberry-Pi-32-64-bits/MNN/build/CMakeFiles/CMakeTmp/CheckSymbolExists.c
Linking C executable cmTC_2a247
/usr/bin/cmake -E cmake_link_script CMakeFiles/cmTC_2a247.dir/link.txt --verbose=1
/usr/bin/cc -fPIC     -rdynamic CMakeFiles/cmTC_2a247.dir/CheckSymbolExists.c.o  -o cmTC_2a247 
CMakeFiles/cmTC_2a247.dir/CheckSymbolExists.c.o: In function `main':
CheckSymbolExists.c:(.text+0x14): undefined reference to `pthread_create'
CheckSymbolExists.c:(.text+0x18): undefined reference to `pthread_create'
collect2: error: ld returned 1 exit status
CMakeFiles/cmTC_2a247.dir/build.make:97: recipe for target 'cmTC_2a247' failed
make[2]: *** [cmTC_2a247] Error 1
make[2]: Leaving directory '/home/lion/face/Face-detection-Raspberry-Pi-32-64-bits/MNN/build/CMakeFiles/CMakeTmp'
Makefile:126: recipe for target 'cmTC_2a247/fast' failed
make[1]: *** [cmTC_2a247/fast] Error 2
make[1]: Leaving directory '/home/lion/face/Face-detection-Raspberry-Pi-32-64-bits/MNN/build/CMakeFiles/CMakeTmp'

File /home/lion/face/Face-detection-Raspberry-Pi-32-64-bits/MNN/build/CMakeFiles/CMakeTmp/CheckSymbolExists.c:
/* */
#include <pthread.h>

int main(int argc, char** argv)
{
  (void)argv;
#ifndef pthread_create
  return ((int*)(&pthread_create))[argc];
#else
  (void)argc;
  return 0;
#endif
}

Determining if the function pthread_create exists in the pthreads failed with the following output:
Change Dir: /home/lion/face/Face-detection-Raspberry-Pi-32-64-bits/MNN/build/CMakeFiles/CMakeTmp

Run Build Command:"/usr/bin/make" "cmTC_5eb2d/fast"
make[1]: Entering directory '/home/lion/face/Face-detection-Raspberry-Pi-32-64-bits/MNN/build/CMakeFiles/CMakeTmp'
/usr/bin/make -f CMakeFiles/cmTC_5eb2d.dir/build.make CMakeFiles/cmTC_5eb2d.dir/build
make[2]: Entering directory '/home/lion/face/Face-detection-Raspberry-Pi-32-64-bits/MNN/build/CMakeFiles/CMakeTmp'
Building C object CMakeFiles/cmTC_5eb2d.dir/CheckFunctionExists.c.o
/usr/bin/cc   -fPIC -DCHECK_FUNCTION_EXISTS=pthread_create   -o CMakeFiles/cmTC_5eb2d.dir/CheckFunctionExists.c.o   -c /usr/share/cmake-3.10/Modules/CheckFunctionExists.c
Linking C executable cmTC_5eb2d
/usr/bin/cmake -E cmake_link_script CMakeFiles/cmTC_5eb2d.dir/link.txt --verbose=1
/usr/bin/cc -fPIC -DCHECK_FUNCTION_EXISTS=pthread_create    -rdynamic CMakeFiles/cmTC_5eb2d.dir/CheckFunctionExists.c.o  -o cmTC_5eb2d -lpthreads 
/usr/bin/ld: cannot find -lpthreads
collect2: error: ld returned 1 exit status
CMakeFiles/cmTC_5eb2d.dir/build.make:97: recipe for target 'cmTC_5eb2d' failed
make[2]: *** [cmTC_5eb2d] Error 1
make[2]: Leaving directory '/home/lion/face/Face-detection-Raspberry-Pi-32-64-bits/MNN/build/CMakeFiles/CMakeTmp'
Makefile:126: recipe for target 'cmTC_5eb2d/fast' failed
make[1]: *** [cmTC_5eb2d/fast] Error 2
make[1]: Leaving directory '/home/lion/face/Face-detection-Raspberry-Pi-32-64-bits/MNN/build/CMakeFiles/CMakeTmp'


